# JRE version: OpenJDK Runtime Environment (8.0_152-b01) (build 1.8.0_152-release-915-b01)
# Java VM: OpenJDK 64-Bit Server VM (25.152-b01 mixed mode windows-amd64 compressed oops)
Heap:
 PSYoungGen      total 330752K, used 122433K [0x00000000e0000000, 0x00000000fef00000, 0x0000000100000000)
  eden space 293888K, 29% used [0x00000000e0000000,0x00000000e53bb4a8,0x00000000f1f00000)
  from space 36864K, 99% used [0x00000000f1f00000,0x00000000f42d52e8,0x00000000f4300000)
  to   space 106496K, 0% used [0x00000000f8700000,0x00000000f8700000,0x00000000fef00000)
 ParOldGen       total 421888K, used 279548K [0x00000000a0000000, 0x00000000b9c00000, 0x00000000e0000000)
  object space 421888K, 66% used [0x00000000a0000000,0x00000000b10ff288,0x00000000b9c00000)
 Metaspace       used 113269K, capacity 121700K, committed 122004K, reserved 1155072K
  class space    used 13609K, capacity 15437K, committed 15548K, reserved 1048576K
GC Heap History (10 events):
Event: 3793.184 GC heap before
{Heap before GC invocations=108 (full 5):
 PSYoungGen      total 378368K, used 299006K [0x00000000e0000000, 0x00000000fe680000, 0x0000000100000000)
  eden space 271872K, 100% used [0x00000000e0000000,0x00000000f0980000,0x00000000f0980000)
  from space 106496K, 25% used [0x00000000f7e80000,0x00000000f98ff8b0,0x00000000fe680000)
  to   space 113152K, 0% used [0x00000000f0980000,0x00000000f0980000,0x00000000f7800000)
 ParOldGen       total 421888K, used 206685K [0x00000000a0000000, 0x00000000b9c00000, 0x00000000e0000000)
  object space 421888K, 48% used [0x00000000a0000000,0x00000000ac9d7648,0x00000000b9c00000)
 Metaspace       used 112105K, capacity 120184K, committed 120468K, reserved 1155072K
  class space    used 13430K, capacity 15139K, committed 15292K, reserved 1048576K
Event: 3793.200 GC heap after
Heap after GC invocations=108 (full 5):
 PSYoungGen      total 385024K, used 40499K [0x00000000e0000000, 0x00000000ff700000, 0x0000000100000000)
  eden space 271872K, 0% used [0x00000000e0000000,0x00000000e0000000,0x00000000f0980000)
  from space 113152K, 35% used [0x00000000f0980000,0x00000000f310cda8,0x00000000f7800000)
  to   space 109056K, 0% used [0x00000000f8c80000,0x00000000f8c80000,0x00000000ff700000)
 ParOldGen       total 421888K, used 206685K [0x00000000a0000000, 0x00000000b9c00000, 0x00000000e0000000)
  object space 421888K, 48% used [0x00000000a0000000,0x00000000ac9d7648,0x00000000b9c00000)
 Metaspace       used 112105K, capacity 120184K, committed 120468K, reserved 1155072K
  class space    used 13430K, capacity 15139K, committed 15292K, reserved 1048576K
}
Event: 3793.794 GC heap before
{Heap before GC invocations=109 (full 5):
 PSYoungGen      total 385024K, used 312371K [0x00000000e0000000, 0x00000000ff700000, 0x0000000100000000)
  eden space 271872K, 100% used [0x00000000e0000000,0x00000000f0980000,0x00000000f0980000)
  from space 113152K, 35% used [0x00000000f0980000,0x00000000f310cda8,0x00000000f7800000)
  to   space 109056K, 0% used [0x00000000f8c80000,0x00000000f8c80000,0x00000000ff700000)
 ParOldGen       total 421888K, used 206685K [0x00000000a0000000, 0x00000000b9c00000, 0x00000000e0000000)
  object space 421888K, 48% used [0x00000000a0000000,0x00000000ac9d7648,0x00000000b9c00000)
 Metaspace       used 112106K, capacity 120184K, committed 120468K, reserved 1155072K
  class space    used 13430K, capacity 15139K, committed 15292K, reserved 1048576K
Event: 3793.814 GC heap after
Heap after GC invocations=109 (full 5):
 PSYoungGen      total 404992K, used 54824K [0x00000000e0000000, 0x00000000ffc00000, 0x0000000100000000)
  eden space 295936K, 0% used [0x00000000e0000000,0x00000000e0000000,0x00000000f2100000)
  from space 109056K, 50% used [0x00000000f8c80000,0x00000000fc20a3b0,0x00000000ff700000)
  to   space 110080K, 0% used [0x00000000f2100000,0x00000000f2100000,0x00000000f8c80000)
 ParOldGen       total 421888K, used 206685K [0x00000000a0000000, 0x00000000b9c00000, 0x00000000e0000000)
  object space 421888K, 48% used [0x00000000a0000000,0x00000000ac9d7648,0x00000000b9c00000)
 Metaspace       used 112106K, capacity 120184K, committed 120468K, reserved 1155072K
  class space    used 13430K, capacity 15139K, committed 15292K, reserved 1048576K
}
Event: 3794.483 GC heap before
{Heap before GC invocations=110 (full 5):
 PSYoungGen      total 404992K, used 350760K [0x00000000e0000000, 0x00000000ffc00000, 0x0000000100000000)
  eden space 295936K, 100% used [0x00000000e0000000,0x00000000f2100000,0x00000000f2100000)
  from space 109056K, 50% used [0x00000000f8c80000,0x00000000fc20a3b0,0x00000000ff700000)
  to   space 110080K, 0% used [0x00000000f2100000,0x00000000f2100000,0x00000000f8c80000)
 ParOldGen       total 421888K, used 206685K [0x00000000a0000000, 0x00000000b9c00000, 0x00000000e0000000)
  object space 421888K, 48% used [0x00000000a0000000,0x00000000ac9d7648,0x00000000b9c00000)
 Metaspace       used 112126K, capacity 120190K, committed 120468K, reserved 1155072K
  class space    used 13430K, capacity 15140K, committed 15292K, reserved 1048576K
Event: 3794.509 GC heap after
Heap after GC invocations=110 (full 5):
 PSYoungGen      total 406016K, used 71531K [0x00000000e0000000, 0x0000000100000000, 0x0000000100000000)
  eden space 295936K, 0% used [0x00000000e0000000,0x00000000e0000000,0x00000000f2100000)
  from space 110080K, 64% used [0x00000000f2100000,0x00000000f66dafc0,0x00000000f8c80000)
  to   space 116736K, 0% used [0x00000000f8e00000,0x00000000f8e00000,0x0000000100000000)
 ParOldGen       total 421888K, used 208552K [0x00000000a0000000, 0x00000000b9c00000, 0x00000000e0000000)
  object space 421888K, 49% used [0x00000000a0000000,0x00000000acbaa170,0x00000000b9c00000)
 Metaspace       used 112126K, capacity 120190K, committed 120468K, reserved 1155072K
  class space    used 13430K, capacity 15140K, committed 15292K, reserved 1048576K
}
Event: 3795.160 GC heap before
{Heap before GC invocations=111 (full 5):
 PSYoungGen      total 406016K, used 367467K [0x00000000e0000000, 0x0000000100000000, 0x0000000100000000)
  eden space 295936K, 100% used [0x00000000e0000000,0x00000000f2100000,0x00000000f2100000)
  from space 110080K, 64% used [0x00000000f2100000,0x00000000f66dafc0,0x00000000f8c80000)
  to   space 116736K, 0% used [0x00000000f8e00000,0x00000000f8e00000,0x0000000100000000)
 ParOldGen       total 421888K, used 208552K [0x00000000a0000000, 0x00000000b9c00000, 0x00000000e0000000)
  object space 421888K, 49% used [0x00000000a0000000,0x00000000acbaa170,0x00000000b9c00000)
 Metaspace       used 112141K, capacity 120190K, committed 120468K, reserved 1155072K
  class space    used 13430K, capacity 15140K, committed 15292K, reserved 1048576K
Event: 3795.192 GC heap after
Heap after GC invocations=111 (full 5):
 PSYoungGen      total 410624K, used 50289K [0x00000000e0000000, 0x0000000100000000, 0x0000000100000000)
  eden space 293888K, 0% used [0x00000000e0000000,0x00000000e0000000,0x00000000f1f00000)
  from space 116736K, 43% used [0x00000000f8e00000,0x00000000fbf1c748,0x0000000100000000)
  to   space 113664K, 0% used [0x00000000f1f00000,0x00000000f1f00000,0x00000000f8e00000)
 ParOldGen       total 421888K, used 246378K [0x00000000a0000000, 0x00000000b9c00000, 0x00000000e0000000)
  object space 421888K, 58% used [0x00000000a0000000,0x00000000af09aae0,0x00000000b9c00000)
 Metaspace       used 112141K, capacity 120190K, committed 120468K, reserved 1155072K
  class space    used 13430K, capacity 15140K, committed 15292K, reserved 1048576K
}
Event: 4303.573 GC heap before
{Heap before GC invocations=112 (full 5):
 PSYoungGen      total 410624K, used 344177K [0x00000000e0000000, 0x0000000100000000, 0x0000000100000000)
  eden space 293888K, 100% used [0x00000000e0000000,0x00000000f1f00000,0x00000000f1f00000)
  from space 116736K, 43% used [0x00000000f8e00000,0x00000000fbf1c748,0x0000000100000000)
  to   space 113664K, 0% used [0x00000000f1f00000,0x00000000f1f00000,0x00000000f8e00000)
 ParOldGen       total 421888K, used 246378K [0x00000000a0000000, 0x00000000b9c00000, 0x00000000e0000000)
  object space 421888K, 58% used [0x00000000a0000000,0x00000000af09aae0,0x00000000b9c00000)
 Metaspace       used 112929K, capacity 121378K, committed 121620K, reserved 1155072K
  class space    used 13542K, capacity 15361K, committed 15420K, reserved 1048576K
Event: 4303.623 GC heap after
Heap after GC invocations=112 (full 5):
 PSYoungGen      total 330752K, used 36692K [0x00000000e0000000, 0x00000000fef00000, 0x0000000100000000)
  eden space 293888K, 0% used [0x00000000e0000000,0x00000000e0000000,0x00000000f1f00000)
  from space 36864K, 99% used [0x00000000f1f00000,0x00000000f42d52e8,0x00000000f4300000)
  to   space 106496K, 0% used [0x00000000f8700000,0x00000000f8700000,0x00000000fef00000)
 ParOldGen       total 421888K, used 279548K [0x00000000a0000000, 0x00000000b9c00000, 0x00000000e0000000)
  object space 421888K, 66% used [0x00000000a0000000,0x00000000b10ff288,0x00000000b9c00000)
 Metaspace       used 112929K, capacity 121378K, committed 121620K, reserved 1155072K
  class space    used 13542K, capacity 15361K, committed 15420K, reserved 1048576K
}

